
> paid-leave-system@0.1.0 dev
> next dev

   â–² Next.js 16.0.3 (Turbopack)
   - Local:         http://localhost:3000
   - Network:       http://192.168.1.12:3000
   - Environments: .env

 âœ“ Starting...
 âœ“ Ready in 338ms
 GET / 200 in 835ms (compile: 793ms, render: 42ms)
Error [PrismaClientKnownRequestError]: 
Invalid `__TURBOPACK__imported__module__$5b$project$5d2f$src$2f$lib$2f$prisma$2e$ts__$5b$app$2d$route$5d$__$28$ecmascript$29$__["default"].employee.findMany()` invocation in
/Users/yagamiyuuki/æœ‰ä¼‘ç®¡ç†è¡¨/.next/dev/server/chunks/[root-of-the-server]__fb4dfd65._.js:235:168

  232 ;
  233 ;
  234 async function GET() {
â†’ 235     const employees = await __TURBOPACK__imported__module__$5b$project$5d2f$src$2f$lib$2f$prisma$2e$ts__$5b$app$2d$route$5d$__$28$ecmascript$29$__["default"].employee.findMany(
The table `main.Employee` does not exist in the current database.
    at <unknown> (src/app/api/employees/route.ts:6:43)
    at async GET (src/app/api/employees/route.ts:6:21)
  4 |
  5 | export async function GET() {
> 6 |   const employees = await prisma.employee.findMany({
    |                                           ^
  7 |     orderBy: { createdAt: 'desc' },
  8 |   });
  9 | {
  code: 'P2021',
  clientVersion: '5.22.0',
  meta: [Object]
}
 GET /api/employees 500 in 448ms (compile: 116ms, render: 332ms)
Error [PrismaClientKnownRequestError]: 
Invalid `__TURBOPACK__imported__module__$5b$project$5d2f$src$2f$lib$2f$prisma$2e$ts__$5b$app$2d$route$5d$__$28$ecmascript$29$__["default"].employee.create()` invocation in
/Users/yagamiyuuki/æœ‰ä¼‘ç®¡ç†è¡¨/.next/dev/server/chunks/[root-of-the-server]__fb4dfd65._.js:252:167

  249 async function POST(request) {
  250     const body = await request.json();
  251     const { name, hireDate, email } = body;
â†’ 252     const employee = await __TURBOPACK__imported__module__$5b$project$5d2f$src$2f$lib$2f$prisma$2e$ts__$5b$app$2d$route$5d$__$28$ecmascript$29$__["default"].employee.create(
The table `main.Employee` does not exist in the current database.
    at <unknown> (src/app/api/employees/route.ts:22:42)
    at async POST (src/app/api/employees/route.ts:22:20)
  20 |   const { name, hireDate, email } = body;
  21 |
> 22 |   const employee = await prisma.employee.create({
     |                                          ^
  23 |     data: {
  24 |       name,
  25 |       hireDate: new Date(hireDate), {
  code: 'P2021',
  clientVersion: '5.22.0',
  meta: [Object]
}
 POST /api/employees 500 in 40ms (compile: 1061Âµs, render: 39ms)
 POST /api/employees 200 in 6ms (compile: 1090Âµs, render: 5ms)
 GET /api/employees 200 in 3ms (compile: 703Âµs, render: 2ms)
 POST /api/employees 200 in 4ms (compile: 847Âµs, render: 3ms)
 GET /api/employees 200 in 4ms (compile: 609Âµs, render: 3ms)
 GET / 200 in 29ms (compile: 3ms, render: 26ms)
 GET /api/employees 200 in 4ms (compile: 1257Âµs, render: 3ms)
[?25h
